prettify --write --write /tmp/stampa-prettifyTqMRU1js
127
Array
(
)

prettify --write  /tmp/stampa-prettifyPCh9E1js
127
Array
(
)

prettify --write  /tmp/stampa-prettifyJXMyXpjs
127
Array
(
)

prettify --write  /tmp/stampa-prettifyGPRDig.js
127
Array
(
)

prettify --write  /tmp/stampa-prettifyYH5Imi.js
127
Array
(
)

prettify --write  /tmp/stampa-prettify6uvsUA.js
127
Array
(
)

prettify --write  /tmp/stampa-prettifyuWiFd1.js
127
Array
(
)

prettify --write  /tmp/stampa-prettifyXsSNJE.js
127
Array
(
)

