prettier --write blocks/hero.js
0
Array
(
    [0] => blocks/hero.js 275ms
)

prettier --write --html-whitespace-sensitivity ignore --parser html modules/hero.php
0
Array
(
    [0] => modules/hero.php 84ms
)

parcel build index.js -d dist && parcel build index.pcss -d dist
0
Array
(
    [0] => ✨  Built in 3.70s.
    [1] => 
    [2] => dist/index.js.map    ⚠️  1.06 MB    138ms
    [3] => dist/index.js         251.11 KB    3.35s
    [4] => ✨  Built in 2.69s.
    [5] => 
    [6] => dist/index.css.map    88 B      3ms
    [7] => dist/index.css        39 B    2.50s
)

